<?xml version="1.0" encoding="UTF-8"?>
<testng-results skipped="0" failed="1" total="6" passed="5">
  <reporter-output>
  </reporter-output>
  <suite name="generic" duration-ms="68018" started-at="2019-07-30T11:27:57Z" finished-at="2019-07-30T11:29:05Z">
    <groups>
    </groups>
    <test name="faceBook" duration-ms="68018" started-at="2019-07-30T11:27:57Z" finished-at="2019-07-30T11:29:05Z">
      <class name="com.imaginea.corridortaskJen.CorridorFeatures">
        <test-method status="PASS" signature="propertyFileload()[pri:0, instance:com.imaginea.corridortaskJen.CorridorFeatures@4cc0edeb]" name="propertyFileload" is-config="true" duration-ms="6" started-at="2019-07-30T16:57:57Z" finished-at="2019-07-30T16:57:57Z">
          <reporter-output>
          </reporter-output>
        </test-method> <!-- propertyFileload -->
        <test-method status="PASS" signature="mainDriverForChrome(java.lang.String)[pri:0, instance:com.imaginea.corridortaskJen.CorridorFeatures@4cc0edeb]" name="mainDriverForChrome" duration-ms="13338" started-at="2019-07-30T16:57:57Z" finished-at="2019-07-30T16:58:11Z">
          <params>
            <param index="0">
              <value>
                <![CDATA[chrome]]>
              </value>
            </param>
          </params>
          <reporter-output>
          </reporter-output>
        </test-method> <!-- mainDriverForChrome -->
        <test-method status="PASS" signature="tearDown(org.testng.ITestResult)[pri:0, instance:com.imaginea.corridortaskJen.CorridorFeatures@4cc0edeb]" name="tearDown" is-config="true" duration-ms="1" started-at="2019-07-30T16:58:11Z" finished-at="2019-07-30T16:58:11Z">
          <params>
            <param index="0">
              <value>
                <![CDATA[[TestResult name=mainDriverForChrome status=SUCCESS method=BaseCode.mainDriverForChrome(java.lang.String)[pri:0, instance:com.imaginea.corridortaskJen.CorridorFeatures@4cc0edeb] output={null}]]]>
              </value>
            </param>
          </params>
          <reporter-output>
          </reporter-output>
        </test-method> <!-- tearDown -->
        <test-method status="PASS" signature="HolidayList()[pri:0, instance:com.imaginea.corridortaskJen.CorridorFeatures@4cc0edeb]" name="HolidayList" duration-ms="8120" started-at="2019-07-30T16:58:11Z" finished-at="2019-07-30T16:58:19Z">
          <reporter-output>
          </reporter-output>
        </test-method> <!-- HolidayList -->
        <test-method status="PASS" signature="propertyFileload()[pri:0, instance:com.imaginea.corridortaskJen.CorridorFeatures@4cc0edeb]" name="propertyFileload" is-config="true" duration-ms="0" started-at="2019-07-30T16:58:11Z" finished-at="2019-07-30T16:58:11Z">
          <reporter-output>
          </reporter-output>
        </test-method> <!-- propertyFileload -->
        <test-method status="PASS" signature="tearDown(org.testng.ITestResult)[pri:0, instance:com.imaginea.corridortaskJen.CorridorFeatures@4cc0edeb]" name="tearDown" is-config="true" duration-ms="0" started-at="2019-07-30T16:58:19Z" finished-at="2019-07-30T16:58:19Z">
          <params>
            <param index="0">
              <value>
                <![CDATA[[TestResult name=HolidayList status=SUCCESS method=CorridorFeatures.HolidayList()[pri:0, instance:com.imaginea.corridortaskJen.CorridorFeatures@4cc0edeb] output={null}]]]>
              </value>
            </param>
          </params>
          <reporter-output>
          </reporter-output>
        </test-method> <!-- tearDown -->
        <test-method status="PASS" signature="propertyFileload()[pri:0, instance:com.imaginea.corridortaskJen.CorridorFeatures@4cc0edeb]" name="propertyFileload" is-config="true" duration-ms="2" started-at="2019-07-30T16:58:19Z" finished-at="2019-07-30T16:58:19Z">
          <reporter-output>
          </reporter-output>
        </test-method> <!-- propertyFileload -->
        <test-method status="PASS" signature="letsMeet()[pri:0, instance:com.imaginea.corridortaskJen.CorridorFeatures@4cc0edeb]" name="letsMeet" duration-ms="4556" started-at="2019-07-30T16:58:19Z" finished-at="2019-07-30T16:58:23Z">
          <reporter-output>
          </reporter-output>
        </test-method> <!-- letsMeet -->
        <test-method status="PASS" signature="tearDown(org.testng.ITestResult)[pri:0, instance:com.imaginea.corridortaskJen.CorridorFeatures@4cc0edeb]" name="tearDown" is-config="true" duration-ms="1" started-at="2019-07-30T16:58:23Z" finished-at="2019-07-30T16:58:23Z">
          <params>
            <param index="0">
              <value>
                <![CDATA[[TestResult name=letsMeet status=SUCCESS method=CorridorFeatures.letsMeet()[pri:0, instance:com.imaginea.corridortaskJen.CorridorFeatures@4cc0edeb] output={null}]]]>
              </value>
            </param>
          </params>
          <reporter-output>
          </reporter-output>
        </test-method> <!-- tearDown -->
        <test-method status="PASS" signature="propertyFileload()[pri:0, instance:com.imaginea.corridortaskJen.CorridorFeatures@4cc0edeb]" name="propertyFileload" is-config="true" duration-ms="0" started-at="2019-07-30T16:58:23Z" finished-at="2019-07-30T16:58:23Z">
          <reporter-output>
          </reporter-output>
        </test-method> <!-- propertyFileload -->
        <test-method status="PASS" signature="tearDown(org.testng.ITestResult)[pri:0, instance:com.imaginea.corridortaskJen.CorridorFeatures@4cc0edeb]" name="tearDown" is-config="true" duration-ms="232" started-at="2019-07-30T16:58:27Z" finished-at="2019-07-30T16:58:27Z">
          <params>
            <param index="0">
              <value>
                <![CDATA[[TestResult name=profileLaunch status=FAILURE method=CorridorFeatures.profileLaunch()[pri:0, instance:com.imaginea.corridortaskJen.CorridorFeatures@4cc0edeb] output={null}]]]>
              </value>
            </param>
          </params>
          <reporter-output>
          </reporter-output>
        </test-method> <!-- tearDown -->
        <test-method status="PASS" signature="propertyFileload()[pri:0, instance:com.imaginea.corridortaskJen.CorridorFeatures@4cc0edeb]" name="propertyFileload" is-config="true" duration-ms="1" started-at="2019-07-30T16:58:27Z" finished-at="2019-07-30T16:58:27Z">
          <reporter-output>
          </reporter-output>
        </test-method> <!-- propertyFileload -->
        <test-method status="PASS" signature="profileLaunch()[pri:0, instance:com.imaginea.corridortaskJen.CorridorFeatures@4cc0edeb]" name="profileLaunch" duration-ms="10607" started-at="2019-07-30T16:58:27Z" finished-at="2019-07-30T16:58:38Z">
          <reporter-output>
          </reporter-output>
        </test-method> <!-- profileLaunch -->
        <test-method status="PASS" signature="tearDown(org.testng.ITestResult)[pri:0, instance:com.imaginea.corridortaskJen.CorridorFeatures@4cc0edeb]" name="tearDown" is-config="true" duration-ms="0" started-at="2019-07-30T16:58:38Z" finished-at="2019-07-30T16:58:38Z">
          <params>
            <param index="0">
              <value>
                <![CDATA[[TestResult name=profileLaunch status=SUCCESS method=CorridorFeatures.profileLaunch()[pri:0, instance:com.imaginea.corridortaskJen.CorridorFeatures@4cc0edeb] output={null}]]]>
              </value>
            </param>
          </params>
          <reporter-output>
          </reporter-output>
        </test-method> <!-- tearDown -->
        <test-method status="PASS" signature="propertyFileload()[pri:0, instance:com.imaginea.corridortaskJen.CorridorFeatures@4cc0edeb]" name="propertyFileload" is-config="true" duration-ms="0" started-at="2019-07-30T16:58:38Z" finished-at="2019-07-30T16:58:38Z">
          <reporter-output>
          </reporter-output>
        </test-method> <!-- propertyFileload -->
        <test-method status="PASS" signature="tearDown(org.testng.ITestResult)[pri:0, instance:com.imaginea.corridortaskJen.CorridorFeatures@4cc0edeb]" name="tearDown" is-config="true" duration-ms="186" started-at="2019-07-30T16:58:43Z" finished-at="2019-07-30T16:58:44Z">
          <params>
            <param index="0">
              <value>
                <![CDATA[[TestResult name=TripToPlan status=FAILURE method=CorridorFeatures.TripToPlan()[pri:0, instance:com.imaginea.corridortaskJen.CorridorFeatures@4cc0edeb] output={null}]]]>
              </value>
            </param>
          </params>
          <reporter-output>
          </reporter-output>
        </test-method> <!-- tearDown -->
        <test-method status="PASS" signature="propertyFileload()[pri:0, instance:com.imaginea.corridortaskJen.CorridorFeatures@4cc0edeb]" name="propertyFileload" is-config="true" duration-ms="1" started-at="2019-07-30T16:58:44Z" finished-at="2019-07-30T16:58:44Z">
          <reporter-output>
          </reporter-output>
        </test-method> <!-- propertyFileload -->
        <test-method status="FAIL" signature="TripToPlan()[pri:0, instance:com.imaginea.corridortaskJen.CorridorFeatures@4cc0edeb]" name="TripToPlan" duration-ms="6566" started-at="2019-07-30T16:58:44Z" finished-at="2019-07-30T16:58:50Z">
          <exception class="org.openqa.selenium.StaleElementReferenceException">
            <message>
              <![CDATA[stale element reference: element is not attached to the page document
  (Session info: chrome=74.0.3729.169)
  (Driver info: chromedriver=74.0.3729.6 (255758eccf3d244491b8a1317aa76e1ce10d57e9-refs/branch-heads/3729@{#29}),platform=Linux 4.15.0-54-generic x86_64) (WARNING: The server did not provide any stacktrace information)
Command duration or timeout: 0 milliseconds
For documentation on this error, please visit: https://www.seleniumhq.org/exceptions/stale_element_reference.html
Build info: version: '3.141.59', revision: 'e82be7d358', time: '2018-11-14T08:17:03'
System info: host: 'PRINHYLTPHP0476', ip: '127.0.1.1', os.name: 'Linux', os.arch: 'amd64', os.version: '4.15.0-54-generic', java.version: '1.8.0_201'
Driver info: org.openqa.selenium.chrome.ChromeDriver
Capabilities {acceptInsecureCerts: false, acceptSslCerts: false, applicationCacheEnabled: false, browserConnectionEnabled: false, browserName: chrome, chrome: {chromedriverVersion: 74.0.3729.6 (255758eccf3d24..., userDataDir: /tmp/.com.google.Chrome.YAZdHc}, cssSelectorsEnabled: true, databaseEnabled: false, goog:chromeOptions: {debuggerAddress: localhost:33273}, handlesAlerts: true, hasTouchScreen: false, javascriptEnabled: true, locationContextEnabled: true, mobileEmulationEnabled: false, nativeEvents: true, networkConnectionEnabled: false, pageLoadStrategy: normal, platform: LINUX, platformName: LINUX, proxy: Proxy(), rotatable: false, setWindowRect: true, strictFileInteractability: false, takesHeapSnapshot: true, takesScreenshot: true, timeouts: {implicit: 0, pageLoad: 300000, script: 30000}, unexpectedAlertBehaviour: ignore, unhandledPromptBehavior: ignore, version: 74.0.3729.169, webStorageEnabled: true}
Session ID: 3300d50ece5209859ed6a4ecc67532a6]]>
            </message>
            <full-stacktrace>
              <![CDATA[org.openqa.selenium.StaleElementReferenceException: stale element reference: element is not attached to the page document
  (Session info: chrome=74.0.3729.169)
  (Driver info: chromedriver=74.0.3729.6 (255758eccf3d244491b8a1317aa76e1ce10d57e9-refs/branch-heads/3729@{#29}),platform=Linux 4.15.0-54-generic x86_64) (WARNING: The server did not provide any stacktrace information)
Command duration or timeout: 0 milliseconds
For documentation on this error, please visit: https://www.seleniumhq.org/exceptions/stale_element_reference.html
Build info: version: '3.141.59', revision: 'e82be7d358', time: '2018-11-14T08:17:03'
System info: host: 'PRINHYLTPHP0476', ip: '127.0.1.1', os.name: 'Linux', os.arch: 'amd64', os.version: '4.15.0-54-generic', java.version: '1.8.0_201'
Driver info: org.openqa.selenium.chrome.ChromeDriver
Capabilities {acceptInsecureCerts: false, acceptSslCerts: false, applicationCacheEnabled: false, browserConnectionEnabled: false, browserName: chrome, chrome: {chromedriverVersion: 74.0.3729.6 (255758eccf3d24..., userDataDir: /tmp/.com.google.Chrome.YAZdHc}, cssSelectorsEnabled: true, databaseEnabled: false, goog:chromeOptions: {debuggerAddress: localhost:33273}, handlesAlerts: true, hasTouchScreen: false, javascriptEnabled: true, locationContextEnabled: true, mobileEmulationEnabled: false, nativeEvents: true, networkConnectionEnabled: false, pageLoadStrategy: normal, platform: LINUX, platformName: LINUX, proxy: Proxy(), rotatable: false, setWindowRect: true, strictFileInteractability: false, takesHeapSnapshot: true, takesScreenshot: true, timeouts: {implicit: 0, pageLoad: 300000, script: 30000}, unexpectedAlertBehaviour: ignore, unhandledPromptBehavior: ignore, version: 74.0.3729.169, webStorageEnabled: true}
Session ID: 3300d50ece5209859ed6a4ecc67532a6
	at sun.reflect.NativeConstructorAccessorImpl.newInstance0(Native Method)
	at sun.reflect.NativeConstructorAccessorImpl.newInstance(NativeConstructorAccessorImpl.java:62)
	at sun.reflect.DelegatingConstructorAccessorImpl.newInstance(DelegatingConstructorAccessorImpl.java:45)
	at java.lang.reflect.Constructor.newInstance(Constructor.java:423)
	at org.openqa.selenium.remote.ErrorHandler.createThrowable(ErrorHandler.java:214)
	at org.openqa.selenium.remote.ErrorHandler.throwIfResponseFailed(ErrorHandler.java:166)
	at org.openqa.selenium.remote.http.JsonHttpResponseCodec.reconstructValue(JsonHttpResponseCodec.java:40)
	at org.openqa.selenium.remote.http.AbstractHttpResponseCodec.decode(AbstractHttpResponseCodec.java:80)
	at org.openqa.selenium.remote.http.AbstractHttpResponseCodec.decode(AbstractHttpResponseCodec.java:44)
	at org.openqa.selenium.remote.HttpCommandExecutor.execute(HttpCommandExecutor.java:158)
	at org.openqa.selenium.remote.service.DriverCommandExecutor.execute(DriverCommandExecutor.java:83)
	at org.openqa.selenium.remote.RemoteWebDriver.execute(RemoteWebDriver.java:552)
	at org.openqa.selenium.remote.RemoteExecuteMethod.execute(RemoteExecuteMethod.java:35)
	at org.openqa.selenium.remote.RemoteMouse.mouseMove(RemoteMouse.java:89)
	at org.openqa.selenium.interactions.MoveMouseAction.perform(MoveMouseAction.java:42)
	at org.openqa.selenium.interactions.CompositeAction.perform(CompositeAction.java:34)
	at org.openqa.selenium.interactions.Actions$BuiltAction.perform(Actions.java:642)
	at com.imaginea.corridortaskJen.CorridorFeatures.TripToPlan(CorridorFeatures.java:163)
	at sun.reflect.NativeMethodAccessorImpl.invoke0(Native Method)
	at sun.reflect.NativeMethodAccessorImpl.invoke(NativeMethodAccessorImpl.java:62)
	at sun.reflect.DelegatingMethodAccessorImpl.invoke(DelegatingMethodAccessorImpl.java:43)
	at java.lang.reflect.Method.invoke(Method.java:498)
	at org.testng.internal.MethodInvocationHelper.invokeMethod(MethodInvocationHelper.java:85)
	at org.testng.internal.Invoker.invokeMethod(Invoker.java:659)
	at org.testng.internal.Invoker.retryFailed(Invoker.java:991)
	at org.testng.internal.Invoker.invokeTestMethods(Invoker.java:1171)
	at org.testng.internal.TestMethodWorker.invokeTestMethods(TestMethodWorker.java:125)
	at org.testng.internal.TestMethodWorker.run(TestMethodWorker.java:108)
	at org.testng.TestRunner.privateRun(TestRunner.java:771)
	at org.testng.TestRunner.run(TestRunner.java:621)
	at org.testng.SuiteRunner.runTest(SuiteRunner.java:357)
	at org.testng.SuiteRunner.runSequentially(SuiteRunner.java:352)
	at org.testng.SuiteRunner.privateRun(SuiteRunner.java:310)
	at org.testng.SuiteRunner.run(SuiteRunner.java:259)
	at org.testng.SuiteRunnerWorker.runSuite(SuiteRunnerWorker.java:52)
	at org.testng.SuiteRunnerWorker.run(SuiteRunnerWorker.java:86)
	at org.testng.TestNG.runSuitesSequentially(TestNG.java:1199)
	at org.testng.TestNG.runSuitesLocally(TestNG.java:1124)
	at org.testng.TestNG.run(TestNG.java:1032)
	at org.testng.remote.AbstractRemoteTestNG.run(AbstractRemoteTestNG.java:115)
	at org.testng.remote.RemoteTestNG.initAndRun(RemoteTestNG.java:251)
	at org.testng.remote.RemoteTestNG.main(RemoteTestNG.java:77)
]]>
            </full-stacktrace>
          </exception> <!-- org.openqa.selenium.StaleElementReferenceException -->
          <reporter-output>
          </reporter-output>
        </test-method> <!-- TripToPlan -->
        <test-method status="PASS" signature="tearDown(org.testng.ITestResult)[pri:0, instance:com.imaginea.corridortaskJen.CorridorFeatures@4cc0edeb]" name="tearDown" is-config="true" duration-ms="175" started-at="2019-07-30T16:58:50Z" finished-at="2019-07-30T16:58:50Z">
          <params>
            <param index="0">
              <value>
                <![CDATA[[TestResult name=TripToPlan status=FAILURE method=CorridorFeatures.TripToPlan()[pri:0, instance:com.imaginea.corridortaskJen.CorridorFeatures@4cc0edeb] output={null}]]]>
              </value>
            </param>
          </params>
          <reporter-output>
          </reporter-output>
        </test-method> <!-- tearDown -->
        <test-method status="PASS" signature="phoneBook()[pri:0, instance:com.imaginea.corridortaskJen.CorridorFeatures@4cc0edeb]" name="phoneBook" duration-ms="14788" started-at="2019-07-30T16:58:50Z" finished-at="2019-07-30T16:59:05Z">
          <reporter-output>
          </reporter-output>
        </test-method> <!-- phoneBook -->
        <test-method status="PASS" signature="propertyFileload()[pri:0, instance:com.imaginea.corridortaskJen.CorridorFeatures@4cc0edeb]" name="propertyFileload" is-config="true" duration-ms="0" started-at="2019-07-30T16:58:50Z" finished-at="2019-07-30T16:58:50Z">
          <reporter-output>
          </reporter-output>
        </test-method> <!-- propertyFileload -->
        <test-method status="PASS" signature="tearDown(org.testng.ITestResult)[pri:0, instance:com.imaginea.corridortaskJen.CorridorFeatures@4cc0edeb]" name="tearDown" is-config="true" duration-ms="0" started-at="2019-07-30T16:59:05Z" finished-at="2019-07-30T16:59:05Z">
          <params>
            <param index="0">
              <value>
                <![CDATA[[TestResult name=phoneBook status=SUCCESS method=CorridorFeatures.phoneBook()[pri:0, instance:com.imaginea.corridortaskJen.CorridorFeatures@4cc0edeb] output={null}]]]>
              </value>
            </param>
          </params>
          <reporter-output>
          </reporter-output>
        </test-method> <!-- tearDown -->
      </class> <!-- com.imaginea.corridortaskJen.CorridorFeatures -->
    </test> <!-- faceBook -->
  </suite> <!-- generic -->
</testng-results>
